-- Detected architecture: aarch64
-- ARM platform detected, enabling RKNN support
-- Found RKNN library: /usr/lib/librknnrt.so
-- Found ament_cmake: 0.9.12 (/opt/ros/foxy/share/ament_cmake/cmake)
-- Using PYTHON_EXECUTABLE: /usr/bin/python3
-- Found rclcpp: 2.4.3 (/opt/ros/foxy/share/rclcpp/cmake)
-- Using all available rosidl_typesupport_c: rosidl_typesupport_fastrtps_c;rosidl_typesupport_introspection_c
-- Found rosidl_adapter: 1.3.1 (/opt/ros/foxy/share/rosidl_adapter/cmake)
-- Using all available rosidl_typesupport_cpp: rosidl_typesupport_fastrtps_cpp;rosidl_typesupport_introspection_cpp
-- Found rmw_implementation_cmake: 1.0.4 (/opt/ros/foxy/share/rmw_implementation_cmake/cmake)
-- Using RMW implementation 'rmw_fastrtps_cpp' as default
-- Found sensor_msgs: 2.0.5 (/opt/ros/foxy/share/sensor_msgs/cmake)
-- Found eigen3_cmake_module: 0.1.1 (/opt/ros/foxy/share/eigen3_cmake_module/cmake)
-- Using local RKNN headers: /home/hightorque/zy_workspace/hightorque_rl_ros2/src/hightorque_rl_inference_ros2/include/rknn
-- Using local RKNN library: /home/hightorque/zy_workspace/hightorque_rl_ros2/src/hightorque_rl_inference_ros2/lib/librknnrt.so
-- Found ament_lint_auto: 0.9.8 (/opt/ros/foxy/share/ament_lint_auto/cmake)
-- Added test 'copyright' to check source files copyright and LICENSE
-- Added test 'cppcheck' to perform static code analysis on C / C++ code
-- Configured cppcheck include dirs: /home/hightorque/zy_workspace/hightorque_rl_ros2/src/hightorque_rl_inference_ros2/include;/home/hightorque/zy_workspace/hightorque_rl_ros2/src/hightorque_rl_inference_ros2/include/rknn
-- Configured cppcheck exclude dirs and/or files: 
-- Added test 'cpplint' to check C / C++ code against the Google style
-- Configured cpplint exclude dirs and/or files: 
-- Added test 'flake8' to check Python code syntax and style conventions
-- Added test 'lint_cmake' to check CMake code style
-- Added test 'pep257' to check Python code against some of the style conventions in PEP 257
-- Added test 'uncrustify' to check C / C++ code style
-- Configured uncrustify additional arguments: 
-- Added test 'xmllint' to check XML markup files
-- Configuring done
-- Generating done
-- Build files have been written to: /home/hightorque/zy_workspace/hightorque_rl_ros2/build/hightorque_rl_inference_ros2
Scanning dependencies of target hightorque_rl_inference_ros2_lib
[ 25%] Building CXX object CMakeFiles/hightorque_rl_inference_ros2_lib.dir/src/hightorque_rl_inference_ros2.cpp.o
/home/hightorque/zy_workspace/hightorque_rl_ros2/src/hightorque_rl_inference_ros2/src/hightorque_rl_inference_ros2.cpp: In member function ‘void hightorque_rl_inference_ros2::HighTorqueRLInference::updateObservation()’:
/home/hightorque/zy_workspace/hightorque_rl_ros2/src/hightorque_rl_inference_ros2/src/hightorque_rl_inference_ros2.cpp:403:33: error: ‘clamp’ is not a member of ‘std’
  403 |         observations_[i] = std::clamp(observations_[i], -clipObs_, clipObs_);
      |                                 ^~~~~
/home/hightorque/zy_workspace/hightorque_rl_ros2/src/hightorque_rl_inference_ros2/src/hightorque_rl_inference_ros2.cpp: In member function ‘void hightorque_rl_inference_ros2::HighTorqueRLInference::updateAction()’:
/home/hightorque/zy_workspace/hightorque_rl_ros2/src/hightorque_rl_inference_ros2/src/hightorque_rl_inference_ros2.cpp:422:26: warning: comparison of integer expressions of different signedness: ‘size_t’ {aka ‘long unsigned int’} and ‘Eigen::EigenBase<Eigen::Matrix<double, -1, -1> >::Index’ {aka ‘long int’} [-Wsign-compare]
  422 |     for (size_t i = 0; i < obsInput_.size(); ++i)
      |                        ~~^~~~~~~~~~~~~~~~~~
/home/hightorque/zy_workspace/hightorque_rl_ros2/src/hightorque_rl_inference_ros2/src/hightorque_rl_inference_ros2.cpp:435:27: error: ‘clamp’ is not a member of ‘std’
  435 |         action_[i] = std::clamp(outputData[i], clipActionsLower_[i], clipActionsUpper_[i]);
      |                           ^~~~~
/home/hightorque/zy_workspace/hightorque_rl_ros2/src/hightorque_rl_inference_ros2/src/hightorque_rl_inference_ros2.cpp: In member function ‘void hightorque_rl_inference_ros2::HighTorqueRLInference::quat2euler()’:
/home/hightorque/zy_workspace/hightorque_rl_ros2/src/hightorque_rl_inference_ros2/src/hightorque_rl_inference_ros2.cpp:456:22: error: ‘clamp’ is not a member of ‘std’
  456 |     double t2 = std::clamp(2.0 * (w * y - z * x), -1.0, 1.0);
      |                      ^~~~~
/home/hightorque/zy_workspace/hightorque_rl_ros2/src/hightorque_rl_inference_ros2/src/hightorque_rl_inference_ros2.cpp: In member function ‘void hightorque_rl_inference_ros2::HighTorqueRLInference::cmdVelCallback(geometry_msgs::msg::Twist_<std::allocator<void> >::SharedPtr)’:
/home/hightorque/zy_workspace/hightorque_rl_ros2/src/hightorque_rl_inference_ros2/src/hightorque_rl_inference_ros2.cpp:533:24: error: ‘clamp’ is not a member of ‘std’
  533 |     command_[0] = std::clamp(msg->linear.x, -0.55, 0.55);
      |                        ^~~~~
/home/hightorque/zy_workspace/hightorque_rl_ros2/src/hightorque_rl_inference_ros2/src/hightorque_rl_inference_ros2.cpp:534:24: error: ‘clamp’ is not a member of ‘std’
  534 |     command_[1] = std::clamp(msg->linear.y, -0.3, 0.3);
      |                        ^~~~~
/home/hightorque/zy_workspace/hightorque_rl_ros2/src/hightorque_rl_inference_ros2/src/hightorque_rl_inference_ros2.cpp:535:24: error: ‘clamp’ is not a member of ‘std’
  535 |     command_[2] = std::clamp(msg->angular.z, -2.0, 2.0);
      |                        ^~~~~
/home/hightorque/zy_workspace/hightorque_rl_ros2/src/hightorque_rl_inference_ros2/src/hightorque_rl_inference_ros2.cpp: In member function ‘void hightorque_rl_inference_ros2::HighTorqueRLInference::run()’:
/home/hightorque/zy_workspace/hightorque_rl_ros2/src/hightorque_rl_inference_ros2/src/hightorque_rl_inference_ros2.cpp:595:52: error: invalid initialization of reference of type ‘const nanoseconds&’ {aka ‘const std::chrono::duration<long int, std::ratio<1, 1000000000> >&’} from expression of type ‘std::chrono::duration<double>’
  595 |                     rclcpp::sleep_for(std::chrono::duration<double>(reset_duration));
      |                                                    ^~~~~~~~~~~~~~~~~~~~~~~~~~~~~~~~
In file included from /opt/ros/foxy/include/rclcpp/client.hpp:36,
                 from /opt/ros/foxy/include/rclcpp/callback_group.hpp:23,
                 from /opt/ros/foxy/include/rclcpp/any_executable.hpp:20,
                 from /opt/ros/foxy/include/rclcpp/memory_strategy.hpp:24,
                 from /opt/ros/foxy/include/rclcpp/memory_strategies.hpp:18,
                 from /opt/ros/foxy/include/rclcpp/executor_options.hpp:20,
                 from /opt/ros/foxy/include/rclcpp/executor.hpp:33,
                 from /opt/ros/foxy/include/rclcpp/executors/multi_threaded_executor.hpp:26,
                 from /opt/ros/foxy/include/rclcpp/executors.hpp:21,
                 from /opt/ros/foxy/include/rclcpp/rclcpp.hpp:146,
                 from /home/hightorque/zy_workspace/hightorque_rl_ros2/src/hightorque_rl_inference_ros2/include/hightorque_rl_inference_ros2/hightorque_rl_inference_ros2.hpp:4,
                 from /home/hightorque/zy_workspace/hightorque_rl_ros2/src/hightorque_rl_inference_ros2/src/hightorque_rl_inference_ros2.cpp:14:
/opt/ros/foxy/include/rclcpp/utilities.hpp:216:36: note: in passing argument 1 of ‘bool rclcpp::sleep_for(const nanoseconds&, rclcpp::Context::SharedPtr)’
  216 |   const std::chrono::nanoseconds & nanoseconds,
      |   ~~~~~~~~~~~~~~~~~~~~~~~~~~~~~~~~~^~~~~~~~~~~
make[2]: *** [CMakeFiles/hightorque_rl_inference_ros2_lib.dir/build.make:63: CMakeFiles/hightorque_rl_inference_ros2_lib.dir/src/hightorque_rl_inference_ros2.cpp.o] Error 1
make[1]: *** [CMakeFiles/Makefile2:107: CMakeFiles/hightorque_rl_inference_ros2_lib.dir/all] Error 2
make: *** [Makefile:141: all] Error 2
