[0.033s] Invoking command in '/home/hightorque/zy_workspace/hightorque_rl_ros2/build/hightorque_rl_inference_ros2': CMAKE_PREFIX_PATH=/opt/ros/foxy:${CMAKE_PREFIX_PATH} /usr/bin/cmake --build /home/hightorque/zy_workspace/hightorque_rl_ros2/build/hightorque_rl_inference_ros2 -- -j8 -l8
[0.121s] -- Found ament_cmake: 0.9.12 (/opt/ros/foxy/share/ament_cmake/cmake)
[0.209s] -- Using PYTHON_EXECUTABLE: /usr/bin/python3
[0.580s] -- Found rclcpp: 2.4.3 (/opt/ros/foxy/share/rclcpp/cmake)
[0.668s] -- Using all available rosidl_typesupport_c: rosidl_typesupport_fastrtps_c;rosidl_typesupport_introspection_c
[0.674s] -- Found rosidl_adapter: 1.3.1 (/opt/ros/foxy/share/rosidl_adapter/cmake)
[0.979s] -- Using all available rosidl_typesupport_cpp: rosidl_typesupport_fastrtps_cpp;rosidl_typesupport_introspection_cpp
[1.050s] -- Found rmw_implementation_cmake: 1.0.4 (/opt/ros/foxy/share/rmw_implementation_cmake/cmake)
[1.051s] -- Using RMW implementation 'rmw_fastrtps_cpp' as default
[1.243s] -- Found sensor_msgs: 2.0.5 (/opt/ros/foxy/share/sensor_msgs/cmake)
[1.399s] -- Found eigen3_cmake_module: 0.1.1 (/opt/ros/foxy/share/eigen3_cmake_module/cmake)
[1.404s] -- Found ament_lint_auto: 0.9.8 (/opt/ros/foxy/share/ament_lint_auto/cmake)
[1.594s] -- Added test 'copyright' to check source files copyright and LICENSE
[1.598s] -- Added test 'cppcheck' to perform static code analysis on C / C++ code
[1.600s] -- Configured cppcheck include dirs: /home/hightorque/zy_workspace/hightorque_rl_ros2/src/hightorque_rl_inference_ros2/include/rknn;/home/hightorque/zy_workspace/hightorque_rl_ros2/src/hightorque_rl_inference_ros2/include
[1.600s] -- Configured cppcheck exclude dirs and/or files: 
[1.603s] -- Added test 'cpplint' to check C / C++ code against the Google style
[1.603s] -- Configured cpplint exclude dirs and/or files: 
[1.604s] -- Added test 'flake8' to check Python code syntax and style conventions
[1.606s] -- Added test 'lint_cmake' to check CMake code style
[1.607s] -- Added test 'pep257' to check Python code against some of the style conventions in PEP 257
[1.610s] -- Added test 'uncrustify' to check C / C++ code style
[1.610s] -- Configured uncrustify additional arguments: 
[1.611s] -- Added test 'xmllint' to check XML markup files
[1.618s] -- Configuring done
[1.653s] -- Generating done
[1.666s] -- Build files have been written to: /home/hightorque/zy_workspace/hightorque_rl_ros2/build/hightorque_rl_inference_ros2
[1.841s] Scanning dependencies of target hightorque_rl_inference_ros2_lib
[1.912s] [ 25%] Building CXX object CMakeFiles/hightorque_rl_inference_ros2_lib.dir/src/hightorque_rl_inference_ros2.cpp.o
[6.287s] /home/hightorque/zy_workspace/hightorque_rl_ros2/src/hightorque_rl_inference_ros2/src/hightorque_rl_inference_ros2.cpp: In member function ‘void hightorque_rl_inference_ros2::HighTorqueRLInference::updateObservation()’:
[6.288s] /home/hightorque/zy_workspace/hightorque_rl_ros2/src/hightorque_rl_inference_ros2/src/hightorque_rl_inference_ros2.cpp:403:33: error: ‘clamp’ is not a member of ‘std’
[6.288s]   403 |         observations_[i] = std::clamp(observations_[i], -clipObs_, clipObs_);
[6.289s]       |                                 ^~~~~
[6.320s] /home/hightorque/zy_workspace/hightorque_rl_ros2/src/hightorque_rl_inference_ros2/src/hightorque_rl_inference_ros2.cpp: In member function ‘void hightorque_rl_inference_ros2::HighTorqueRLInference::updateAction()’:
[6.321s] /home/hightorque/zy_workspace/hightorque_rl_ros2/src/hightorque_rl_inference_ros2/src/hightorque_rl_inference_ros2.cpp:422:26: warning: comparison of integer expressions of different signedness: ‘size_t’ {aka ‘long unsigned int’} and ‘Eigen::EigenBase<Eigen::Matrix<double, -1, -1> >::Index’ {aka ‘long int’} [-Wsign-compare]
[6.321s]   422 |     for (size_t i = 0; i < obsInput_.size(); ++i)
[6.321s]       |                        ~~^~~~~~~~~~~~~~~~~~
[6.323s] /home/hightorque/zy_workspace/hightorque_rl_ros2/src/hightorque_rl_inference_ros2/src/hightorque_rl_inference_ros2.cpp:435:27: error: ‘clamp’ is not a member of ‘std’
[6.323s]   435 |         action_[i] = std::clamp(outputData[i], clipActionsLower_[i], clipActionsUpper_[i]);
[6.323s]       |                           ^~~~~
[6.326s] /home/hightorque/zy_workspace/hightorque_rl_ros2/src/hightorque_rl_inference_ros2/src/hightorque_rl_inference_ros2.cpp: In member function ‘void hightorque_rl_inference_ros2::HighTorqueRLInference::quat2euler()’:
[6.327s] /home/hightorque/zy_workspace/hightorque_rl_ros2/src/hightorque_rl_inference_ros2/src/hightorque_rl_inference_ros2.cpp:456:22: error: ‘clamp’ is not a member of ‘std’
[6.327s]   456 |     double t2 = std::clamp(2.0 * (w * y - z * x), -1.0, 1.0);
[6.328s]       |                      ^~~~~
[6.345s] /home/hightorque/zy_workspace/hightorque_rl_ros2/src/hightorque_rl_inference_ros2/src/hightorque_rl_inference_ros2.cpp: In member function ‘void hightorque_rl_inference_ros2::HighTorqueRLInference::cmdVelCallback(geometry_msgs::msg::Twist_<std::allocator<void> >::SharedPtr)’:
[6.346s] /home/hightorque/zy_workspace/hightorque_rl_ros2/src/hightorque_rl_inference_ros2/src/hightorque_rl_inference_ros2.cpp:533:24: error: ‘clamp’ is not a member of ‘std’
[6.346s]   533 |     command_[0] = std::clamp(msg->linear.x, -0.55, 0.55);
[6.347s]       |                        ^~~~~
[6.348s] /home/hightorque/zy_workspace/hightorque_rl_ros2/src/hightorque_rl_inference_ros2/src/hightorque_rl_inference_ros2.cpp:534:24: error: ‘clamp’ is not a member of ‘std’
[6.348s]   534 |     command_[1] = std::clamp(msg->linear.y, -0.3, 0.3);
[6.348s]       |                        ^~~~~
[6.350s] /home/hightorque/zy_workspace/hightorque_rl_ros2/src/hightorque_rl_inference_ros2/src/hightorque_rl_inference_ros2.cpp:535:24: error: ‘clamp’ is not a member of ‘std’
[6.351s]   535 |     command_[2] = std::clamp(msg->angular.z, -2.0, 2.0);
[6.351s]       |                        ^~~~~
[6.373s] /home/hightorque/zy_workspace/hightorque_rl_ros2/src/hightorque_rl_inference_ros2/src/hightorque_rl_inference_ros2.cpp: In member function ‘void hightorque_rl_inference_ros2::HighTorqueRLInference::run()’:
[6.374s] /home/hightorque/zy_workspace/hightorque_rl_ros2/src/hightorque_rl_inference_ros2/src/hightorque_rl_inference_ros2.cpp:595:52: error: invalid initialization of reference of type ‘const nanoseconds&’ {aka ‘const std::chrono::duration<long int, std::ratio<1, 1000000000> >&’} from expression of type ‘std::chrono::duration<double>’
[6.374s]   595 |                     rclcpp::sleep_for(std::chrono::duration<double>(reset_duration));
[6.374s]       |                                                    ^~~~~~~~~~~~~~~~~~~~~~~~~~~~~~~~
[6.375s] In file included from /opt/ros/foxy/include/rclcpp/client.hpp:36,
[6.375s]                  from /opt/ros/foxy/include/rclcpp/callback_group.hpp:23,
[6.375s]                  from /opt/ros/foxy/include/rclcpp/any_executable.hpp:20,
[6.376s]                  from /opt/ros/foxy/include/rclcpp/memory_strategy.hpp:24,
[6.376s]                  from /opt/ros/foxy/include/rclcpp/memory_strategies.hpp:18,
[6.376s]                  from /opt/ros/foxy/include/rclcpp/executor_options.hpp:20,
[6.377s]                  from /opt/ros/foxy/include/rclcpp/executor.hpp:33,
[6.377s]                  from /opt/ros/foxy/include/rclcpp/executors/multi_threaded_executor.hpp:26,
[6.377s]                  from /opt/ros/foxy/include/rclcpp/executors.hpp:21,
[6.378s]                  from /opt/ros/foxy/include/rclcpp/rclcpp.hpp:146,
[6.378s]                  from /home/hightorque/zy_workspace/hightorque_rl_ros2/src/hightorque_rl_inference_ros2/include/hightorque_rl_inference_ros2/hightorque_rl_inference_ros2.hpp:4,
[6.378s]                  from /home/hightorque/zy_workspace/hightorque_rl_ros2/src/hightorque_rl_inference_ros2/src/hightorque_rl_inference_ros2.cpp:14:
[6.379s] /opt/ros/foxy/include/rclcpp/utilities.hpp:216:36: note: in passing argument 1 of ‘bool rclcpp::sleep_for(const nanoseconds&, rclcpp::Context::SharedPtr)’
[6.379s]   216 |   const std::chrono::nanoseconds & nanoseconds,
[6.379s]       |   ~~~~~~~~~~~~~~~~~~~~~~~~~~~~~~~~~^~~~~~~~~~~
[12.909s] make[2]: *** [CMakeFiles/hightorque_rl_inference_ros2_lib.dir/build.make:63: CMakeFiles/hightorque_rl_inference_ros2_lib.dir/src/hightorque_rl_inference_ros2.cpp.o] Error 1
[12.909s] make[1]: *** [CMakeFiles/Makefile2:107: CMakeFiles/hightorque_rl_inference_ros2_lib.dir/all] Error 2
[12.910s] make: *** [Makefile:141: all] Error 2
[12.914s] Invoked command in '/home/hightorque/zy_workspace/hightorque_rl_ros2/build/hightorque_rl_inference_ros2' returned '2': CMAKE_PREFIX_PATH=/opt/ros/foxy:${CMAKE_PREFIX_PATH} /usr/bin/cmake --build /home/hightorque/zy_workspace/hightorque_rl_ros2/build/hightorque_rl_inference_ros2 -- -j8 -l8
