-- Detected architecture: aarch64
-- ARM platform detected, enabling RKNN support
-- Found RKNN library: /usr/lib/librknnrt.so
-- Found ament_cmake: 0.9.12 (/opt/ros/foxy/share/ament_cmake/cmake)
-- Using PYTHON_EXECUTABLE: /usr/bin/python3
-- Found rclcpp: 2.4.3 (/opt/ros/foxy/share/rclcpp/cmake)
-- Using all available rosidl_typesupport_c: rosidl_typesupport_fastrtps_c;rosidl_typesupport_introspection_c
-- Found rosidl_adapter: 1.3.1 (/opt/ros/foxy/share/rosidl_adapter/cmake)
-- Using all available rosidl_typesupport_cpp: rosidl_typesupport_fastrtps_cpp;rosidl_typesupport_introspection_cpp
-- Found rmw_implementation_cmake: 1.0.4 (/opt/ros/foxy/share/rmw_implementation_cmake/cmake)
-- Using RMW implementation 'rmw_fastrtps_cpp' as default
-- Found sensor_msgs: 2.0.5 (/opt/ros/foxy/share/sensor_msgs/cmake)
-- Found eigen3_cmake_module: 0.1.1 (/opt/ros/foxy/share/eigen3_cmake_module/cmake)
-- Using local RKNN headers: /home/hightorque/zy_workspace/hightorque_rl_ros2/src/hightorque_rl_inference_ros2/include/rknn
-- Using local RKNN library: /home/hightorque/zy_workspace/hightorque_rl_ros2/src/hightorque_rl_inference_ros2/lib/librknnrt.so
-- Found ament_lint_auto: 0.9.8 (/opt/ros/foxy/share/ament_lint_auto/cmake)
-- Added test 'copyright' to check source files copyright and LICENSE
-- Added test 'cppcheck' to perform static code analysis on C / C++ code
-- Configured cppcheck include dirs: /home/hightorque/zy_workspace/hightorque_rl_ros2/src/hightorque_rl_inference_ros2/include;/home/hightorque/zy_workspace/hightorque_rl_ros2/src/hightorque_rl_inference_ros2/include/rknn
-- Configured cppcheck exclude dirs and/or files: 
-- Added test 'cpplint' to check C / C++ code against the Google style
-- Configured cpplint exclude dirs and/or files: 
-- Added test 'flake8' to check Python code syntax and style conventions
-- Added test 'lint_cmake' to check CMake code style
-- Added test 'pep257' to check Python code against some of the style conventions in PEP 257
-- Added test 'uncrustify' to check C / C++ code style
-- Configured uncrustify additional arguments: 
-- Added test 'xmllint' to check XML markup files
-- Configuring done
-- Generating done
-- Build files have been written to: /home/hightorque/zy_workspace/hightorque_rl_ros2/build/hightorque_rl_inference_ros2
Scanning dependencies of target hightorque_rl_inference_ros2_lib
[ 25%] Building CXX object CMakeFiles/hightorque_rl_inference_ros2_lib.dir/src/hightorque_rl_inference_ros2.cpp.o
/home/hightorque/zy_workspace/hightorque_rl_ros2/src/hightorque_rl_inference_ros2/src/hightorque_rl_inference_ros2.cpp: In member function ‘void hightorque_rl_inference_ros2::HighTorqueRLInference::updateAction()’:
/home/hightorque/zy_workspace/hightorque_rl_ros2/src/hightorque_rl_inference_ros2/src/hightorque_rl_inference_ros2.cpp:423:26: warning: comparison of integer expressions of different signedness: ‘size_t’ {aka ‘long unsigned int’} and ‘Eigen::EigenBase<Eigen::Matrix<double, -1, -1> >::Index’ {aka ‘long int’} [-Wsign-compare]
  423 |     for (size_t i = 0; i < obsInput_.size(); ++i)
      |                        ~~^~~~~~~~~~~~~~~~~~
[ 50%] Linking CXX static library libhightorque_rl_inference_ros2_lib.a
[ 50%] Built target hightorque_rl_inference_ros2_lib
Scanning dependencies of target hightorque_rl_inference_ros2_node
[ 75%] Building CXX object CMakeFiles/hightorque_rl_inference_ros2_node.dir/src/main.cpp.o
[100%] Linking CXX executable hightorque_rl_inference_ros2_node
/usr/bin/ld: libhightorque_rl_inference_ros2_lib.a(hightorque_rl_inference_ros2.cpp.o): in function `hightorque_rl_inference_ros2::HighTorqueRLInference::HighTorqueRLInference()':
hightorque_rl_inference_ros2.cpp:(.text+0xc98): undefined reference to `ament_index_cpp::get_package_share_directory(std::__cxx11::basic_string<char, std::char_traits<char>, std::allocator<char> > const&)'
collect2: error: ld returned 1 exit status
make[2]: *** [CMakeFiles/hightorque_rl_inference_ros2_node.dir/build.make:144: hightorque_rl_inference_ros2_node] Error 1
make[1]: *** [CMakeFiles/Makefile2:80: CMakeFiles/hightorque_rl_inference_ros2_node.dir/all] Error 2
make: *** [Makefile:141: all] Error 2
